<?xml version="1.0" encoding="UTF-8"?>
<!-- Generated by org.testng.reporters.JUnitReportReporter -->
<testsuite hostname="jagadeesh" name="com.nvidia.cosmos.controller.EulaControllerTest" tests="1" failures="0" timestamp="1 Sep 2016 14:49:38 GMT" time="0.317" errors="0">
  <testcase name="saveEula" time="0.317" classname="com.nvidia.cosmos.controller.EulaControllerTest"/>
</testsuite> <!-- com.nvidia.cosmos.controller.EulaControllerTest -->
