<?xml version="1.0" encoding="UTF-8"?>
<!-- Generated by org.testng.reporters.JUnitReportReporter -->
<testsuite hostname="jagadeesh" name="com.nvidia.cosmos.controller.GrafanaControllerTest" tests="3" failures="0" timestamp="1 Sep 2016 14:49:38 GMT" time="0.319" errors="0">
  <testcase name="clusterGrafanaDataByCustomer" time="0.116" classname="com.nvidia.cosmos.controller.GrafanaControllerTest"/>
  <testcase name="customerGrfanaDetails" time="0.038" classname="com.nvidia.cosmos.controller.GrafanaControllerTest"/>
  <testcase name="nodeGrafanaDataByCustomer" time="0.165" classname="com.nvidia.cosmos.controller.GrafanaControllerTest"/>
</testsuite> <!-- com.nvidia.cosmos.controller.GrafanaControllerTest -->
