<?xml version="1.0" encoding="UTF-8"?>
<!-- Generated by org.testng.reporters.JUnitReportReporter -->
<testsuite hostname="jagadeesh" name="com.nvidia.cosmos.controller.EntitilementControllerTest" tests="4" failures="0" timestamp="1 Sep 2016 14:49:38 GMT" time="0.353" errors="0">
  <testcase name="listCEntitlements1" time="0.119" classname="com.nvidia.cosmos.controller.EntitilementControllerTest"/>
  <testcase name="saveEntitilement1" time="0.112" classname="com.nvidia.cosmos.controller.EntitilementControllerTest"/>
  <testcase name="listByEntitlementName" time="0.054" classname="com.nvidia.cosmos.controller.EntitilementControllerTest"/>
  <testcase name="fetchByEntitlementName" time="0.068" classname="com.nvidia.cosmos.controller.EntitilementControllerTest"/>
</testsuite> <!-- com.nvidia.cosmos.controller.EntitilementControllerTest -->
