<?xml version="1.0" encoding="UTF-8"?>
<!-- Generated by org.testng.reporters.JUnitReportReporter -->
<testsuite hostname="jagadeesh" name="com.nvidia.cosmos.controller.ClusterControllerTest" tests="4" failures="0" timestamp="1 Sep 2016 14:49:38 GMT" time="0.266" errors="1">
  <testcase name="findAllClustersDetails" time="0.058" classname="com.nvidia.cosmos.controller.ClusterControllerTest"/>
  <testcase name="getNodeInfo" time="0.037" classname="com.nvidia.cosmos.controller.ClusterControllerTest"/>
  <testcase name="getClusterByName" time="0.040" classname="com.nvidia.cosmos.controller.ClusterControllerTest"/>
  <testcase name="updateClusterNfsDetails" time="0.131" classname="com.nvidia.cosmos.controller.ClusterControllerTest">
    <error type="com.fasterxml.jackson.databind.exc.UnrecognizedPropertyException" message="Unrecognized field &quot;timestamp&quot; (class com.nvidia.cosmos.cloud.dtos.ApiResponseDTO), not marked as ignorable (2 known properties: &quot;message&quot;, &quot;statusCode&quot;])
 at [Source: {&quot;timestamp&quot;:1472741373281,&quot;status&quot;:401,&quot;error&quot;:&quot;Unauthorized&quot;,&quot;message&quot;:&quot;No message available&quot;,&quot;path&quot;:&quot;/api/cluster/updatenfs&quot;}; line: 1, column: 27] (through reference chain: com.nvidia.cosmos.cloud.dtos.ApiResponseDTO[&quot;timestamp&quot;])">
      <![CDATA[com.fasterxml.jackson.databind.exc.UnrecognizedPropertyException: Unrecognized field "timestamp" (class com.nvidia.cosmos.cloud.dtos.ApiResponseDTO), not marked as ignorable (2 known properties: "message", "statusCode"])
 at [Source: {"timestamp":1472741373281,"status":401,"error":"Unauthorized","message":"No message available","path":"/api/cluster/updatenfs"}; line: 1, column: 27] (through reference chain: com.nvidia.cosmos.cloud.dtos.ApiResponseDTO["timestamp"])
	at com.fasterxml.jackson.databind.exc.UnrecognizedPropertyException.from(UnrecognizedPropertyException.java:51)
	at com.fasterxml.jackson.databind.DeserializationContext.reportUnknownProperty(DeserializationContext.java:839)
	at com.fasterxml.jackson.databind.deser.std.StdDeserializer.handleUnknownProperty(StdDeserializer.java:1045)
	at com.fasterxml.jackson.databind.deser.BeanDeserializerBase.handleUnknownProperty(BeanDeserializerBase.java:1352)
	at com.fasterxml.jackson.databind.deser.BeanDeserializerBase.handleUnknownVanilla(BeanDeserializerBase.java:1330)
	at com.fasterxml.jackson.databind.deser.BeanDeserializer.vanillaDeserialize(BeanDeserializer.java:264)
	at com.fasterxml.jackson.databind.deser.BeanDeserializer.deserialize(BeanDeserializer.java:125)
	at com.fasterxml.jackson.databind.ObjectMapper._readMapAndClose(ObjectMapper.java:3736)
	at com.fasterxml.jackson.databind.ObjectMapper.readValue(ObjectMapper.java:2764)
	at com.fasterxml.jackson.databind.ObjectMapper$readValue$0.call(Unknown Source)
	at com.jayway.restassured.internal.path.json.mapping.JsonPathJackson2ObjectDeserializer.deserialize(JsonPathJackson2ObjectDeserializer.groovy:43)
	at com.jayway.restassured.path.json.mapping.JsonPathObjectDeserializer$deserialize.call(Unknown Source)
	at com.jayway.restassured.internal.mapping.Jackson2Mapper.deserialize(Jackson2Mapper.groovy:60)
	at com.jayway.restassured.mapper.ObjectMapper$deserialize.call(Unknown Source)
	at com.jayway.restassured.internal.mapping.ObjectMapping.parseWithJackson2(ObjectMapping.groovy:202)
	at com.jayway.restassured.internal.mapping.ObjectMapping$parseWithJackson2$0.callStatic(Unknown Source)
	at com.jayway.restassured.internal.mapping.ObjectMapping.deserialize(ObjectMapping.groovy:55)
	at com.jayway.restassured.internal.mapping.ObjectMapping$deserialize.call(Unknown Source)
	at com.jayway.restassured.internal.RestAssuredResponseOptionsGroovyImpl.as(RestAssuredResponseOptionsGroovyImpl.groovy:216)
	at com.jayway.restassured.internal.RestAssuredResponseOptionsImpl.as(RestAssuredResponseOptionsImpl.java:159)
	at com.nvidia.cosmos.controller.ClusterControllerTest.updateClusterNfsDetails(ClusterControllerTest.java:117)
	at sun.reflect.NativeMethodAccessorImpl.invoke0(Native Method)
	at sun.reflect.NativeMethodAccessorImpl.invoke(Unknown Source)
	at sun.reflect.DelegatingMethodAccessorImpl.invoke(Unknown Source)
	at java.lang.reflect.Method.invoke(Unknown Source)
	at org.testng.internal.MethodInvocationHelper.invokeMethod(MethodInvocationHelper.java:85)
	at org.testng.internal.Invoker.invokeMethod(Invoker.java:659)
	at org.testng.internal.Invoker.invokeTestMethod(Invoker.java:845)
	at org.testng.internal.Invoker.invokeTestMethods(Invoker.java:1153)
	at org.testng.internal.TestMethodWorker.invokeTestMethods(TestMethodWorker.java:125)
	at org.testng.internal.TestMethodWorker.run(TestMethodWorker.java:108)
	at org.testng.TestRunner.privateRun(TestRunner.java:771)
	at org.testng.TestRunner.run(TestRunner.java:621)
	at org.testng.SuiteRunner.runTest(SuiteRunner.java:357)
	at org.testng.SuiteRunner.runSequentially(SuiteRunner.java:352)
	at org.testng.SuiteRunner.privateRun(SuiteRunner.java:310)
	at org.testng.SuiteRunner.run(SuiteRunner.java:259)
	at org.testng.SuiteRunnerWorker.runSuite(SuiteRunnerWorker.java:52)
	at org.testng.SuiteRunnerWorker.run(SuiteRunnerWorker.java:86)
	at org.testng.TestNG.runSuitesSequentially(TestNG.java:1199)
	at org.testng.TestNG.runSuitesLocally(TestNG.java:1124)
	at org.testng.TestNG.run(TestNG.java:1032)
	at org.testng.remote.RemoteTestNG.run(RemoteTestNG.java:111)
	at org.testng.remote.RemoteTestNG.initAndRun(RemoteTestNG.java:204)
	at org.testng.remote.RemoteTestNG.main(RemoteTestNG.java:175)
]]>
    </error>
  </testcase> <!-- updateClusterNfsDetails -->
</testsuite> <!-- com.nvidia.cosmos.controller.ClusterControllerTest -->
